2015-03-15 00:05:46 [INFO] - INICIANDO APLICACION
2015-03-15 00:05:46 [INFO] - ARGUMENTOS UTILIZADOS EN LA CONSULTA
2015-03-15 00:05:46 [DEBUG] - ARGUMENTO 0: E:\Amicar\App\DOC1\SALIDA\Generados\HTML
2015-03-15 00:05:46 [DEBUG] - ARGUMENTO 1: E:\Amicar\App\DOC1\SALIDA\Generados\HTML\FIX
2015-03-15 00:05:46 [DEBUG] - ARGUMENTO 2: E:\Amicar\App\DOC1\SALIDA\Generados\DIJ
2015-03-15 00:05:46 [DEBUG] - ARGUMENTO 3: E:\Projects\Html\TemplateMailsAmicar2
2015-03-15 00:05:46 [INFO] - INICIANDO PROCESO
2015-03-15 00:05:46 [INFO] - ARCHIVO JRN ENCONTRADO
2015-03-15 00:05:46 [INFO] - Leyendo archivo de configuracion: c:/apps/Amicar/config/cotizanteAmicar.properties
2015-03-15 00:05:46 [DEBUG] - javax.persistence.jdbc.url=jdbc:mysql://localhost:3306/amicarcotizante
2015-03-15 00:05:46 [DEBUG] - javax.persistence.jdbc.user=test
2015-03-15 00:05:46 [DEBUG] - javax.persistence.jdbc.password=test
2015-03-15 00:05:48 [INFO] - SE HA ENCONTRADO CLIENTE: cl.intelidata.amicarsvl.jpa.Clientesdiario[ idCliente=1 ]
2015-03-15 00:05:48 [DEBUG] - dominioDesinscrito=http://localhost:8080/AmicarSvl/Desinscritos
2015-03-15 00:05:48 [INFO] - PROCESANDO PLANTILLA PARA ARCHIVO: E:\Projects\Html\TemplateMailsAmicar2\cliente_1.html
2015-03-15 00:05:48 [ERROR] - NO SE HA ENCONTRADO CLIENTE CON LOS DATOS 22 - ANGEJAQUE31@GMAIL.COM 
2015-03-15 00:05:48 [ERROR] - NO SE HA ENCONTRADO CLIENTE CON LOS DATOS 33 - ANGEJAQUE31@GMAIL.COM 
2015-03-15 00:05:48 [ERROR] - NO SE HA ENCONTRADO CLIENTE CON LOS DATOS 44 - ANGEJAQUE31@GMAIL.COM 
2015-03-15 00:05:48 [ERROR] - NO SE HA ENCONTRADO CLIENTE CON LOS DATOS 55 - ANGEJAQUE31@GMAIL.COM 
2015-03-15 00:05:48 [ERROR] - NO SE HA ENCONTRADO CLIENTE CON LOS DATOS 66 - ANGEJAQUE31@GMAIL.COM 
2015-03-15 00:05:48 [ERROR] - NO SE HA ENCONTRADO CLIENTE CON LOS DATOS 77 - ANGEJAQUE31@GMAIL.COM 
2015-03-15 00:05:48 [ERROR] - NO SE HA ENCONTRADO CLIENTE CON LOS DATOS 88 - ANGEJAQUE31@GMAIL.COM 
2015-03-15 00:05:48 [ERROR] - NO SE HA ENCONTRADO CLIENTE CON LOS DATOS 99 - ANGEJAQUE31@GMAIL.COM 
2015-03-15 00:05:48 [INFO] - PROCESO FINALIZADO
2015-03-15 00:15:35 [INFO] - INICIANDO APLICACION
2015-03-15 00:15:35 [INFO] - ARGUMENTOS UTILIZADOS EN LA CONSULTA
2015-03-15 00:15:35 [DEBUG] - ARGUMENTO 0: E:\Amicar\App\DOC1\SALIDA\Generados\HTML
2015-03-15 00:15:35 [DEBUG] - ARGUMENTO 1: E:\Amicar\App\DOC1\SALIDA\Generados\HTML\FIX
2015-03-15 00:15:35 [DEBUG] - ARGUMENTO 2: E:\Amicar\App\DOC1\SALIDA\Generados\DIJ
2015-03-15 00:15:35 [DEBUG] - ARGUMENTO 3: E:\Projects\Html\TemplateMailsAmicar2
2015-03-15 00:15:35 [INFO] - INICIANDO PROCESO
2015-03-15 00:15:35 [INFO] - ARCHIVO JRN ENCONTRADO
2015-03-15 00:15:35 [INFO] - Leyendo archivo de configuracion: c:/apps/Amicar/config/cotizanteAmicar.properties
2015-03-15 00:15:35 [DEBUG] - javax.persistence.jdbc.url=jdbc:mysql://localhost:3306/amicarcotizante
2015-03-15 00:15:35 [DEBUG] - javax.persistence.jdbc.user=test
2015-03-15 00:15:35 [DEBUG] - javax.persistence.jdbc.password=test
2015-03-15 00:15:36 [INFO] - SE HA ENCONTRADO CLIENTE: cl.intelidata.amicarsvl.jpa.Clientesdiario[ idCliente=1 ]
2015-03-15 00:15:36 [DEBUG] - dominioDesinscrito=http://localhost:8080/AmicarSvl/Desinscritos
2015-03-15 00:15:36 [INFO] - PROCESANDO PLANTILLA PARA ARCHIVO: E:\Projects\Html\TemplateMailsAmicar2\cliente_1.html
2015-03-15 00:15:36 [ERROR] - NO SE HA ENCONTRADO CLIENTE CON LOS DATOS 22 - ANGEJAQUE31@GMAIL.COM 
2015-03-15 00:15:37 [ERROR] - NO SE HA ENCONTRADO CLIENTE CON LOS DATOS 33 - ANGEJAQUE31@GMAIL.COM 
2015-03-15 00:15:37 [ERROR] - NO SE HA ENCONTRADO CLIENTE CON LOS DATOS 44 - ANGEJAQUE31@GMAIL.COM 
2015-03-15 00:15:37 [ERROR] - NO SE HA ENCONTRADO CLIENTE CON LOS DATOS 55 - ANGEJAQUE31@GMAIL.COM 
2015-03-15 00:15:37 [ERROR] - NO SE HA ENCONTRADO CLIENTE CON LOS DATOS 66 - ANGEJAQUE31@GMAIL.COM 
2015-03-15 00:15:37 [ERROR] - NO SE HA ENCONTRADO CLIENTE CON LOS DATOS 77 - ANGEJAQUE31@GMAIL.COM 
2015-03-15 00:15:37 [ERROR] - NO SE HA ENCONTRADO CLIENTE CON LOS DATOS 88 - ANGEJAQUE31@GMAIL.COM 
2015-03-15 00:15:37 [ERROR] - NO SE HA ENCONTRADO CLIENTE CON LOS DATOS 99 - ANGEJAQUE31@GMAIL.COM 
2015-03-15 00:15:37 [INFO] - PROCESO FINALIZADO
2015-03-15 00:31:58 [INFO] - INICIANDO APLICACION
2015-03-15 00:31:58 [INFO] - ARGUMENTOS UTILIZADOS EN LA CONSULTA
2015-03-15 00:31:58 [DEBUG] - ARGUMENTO 0: E:\Amicar\App\DOC1\SALIDA\Generados\HTML
2015-03-15 00:31:58 [DEBUG] - ARGUMENTO 1: E:\Amicar\App\DOC1\SALIDA\Generados\HTML\FIX
2015-03-15 00:31:58 [DEBUG] - ARGUMENTO 2: E:\Amicar\App\DOC1\SALIDA\Generados\DIJ
2015-03-15 00:31:58 [DEBUG] - ARGUMENTO 3: E:\Projects\Html\TemplateMailsAmicar2
2015-03-15 00:31:58 [INFO] - INICIANDO PROCESO
2015-03-15 00:32:37 [INFO] - INICIANDO APLICACION
2015-03-15 00:32:37 [INFO] - ARGUMENTOS UTILIZADOS EN LA CONSULTA
2015-03-15 00:32:37 [DEBUG] - ARGUMENTO 0: E:\Amicar\App\DOC1\SALIDA\Generados\HTML
2015-03-15 00:32:37 [DEBUG] - ARGUMENTO 1: E:\Amicar\App\DOC1\SALIDA\Generados\HTML\FIX
2015-03-15 00:32:37 [DEBUG] - ARGUMENTO 2: E:\Amicar\App\DOC1\SALIDA\Generados\DIJ
2015-03-15 00:32:37 [DEBUG] - ARGUMENTO 3: E:\Projects\Html\TemplateMailsAmicar2
2015-03-15 00:32:37 [INFO] - INICIANDO PROCESO
2015-03-15 00:32:56 [INFO] - INICIANDO APLICACION
2015-03-15 00:32:56 [INFO] - ARGUMENTOS UTILIZADOS EN LA CONSULTA
2015-03-15 00:32:56 [DEBUG] - ARGUMENTO 0: E:\Amicar\App\DOC1\SALIDA\Generados\HTML
2015-03-15 00:32:56 [DEBUG] - ARGUMENTO 1: E:\Amicar\App\DOC1\SALIDA\Generados\HTML\FIX
2015-03-15 00:32:56 [DEBUG] - ARGUMENTO 2: E:\Amicar\App\DOC1\SALIDA\Generados\DIJ
2015-03-15 00:32:56 [DEBUG] - ARGUMENTO 3: E:\Projects\Html\TemplateMailsAmicar2
2015-03-15 00:32:56 [INFO] - INICIANDO PROCESO
2015-03-15 00:33:14 [INFO] - INICIANDO APLICACION
2015-03-15 00:33:14 [INFO] - ARGUMENTOS UTILIZADOS EN LA CONSULTA
2015-03-15 00:33:14 [DEBUG] - ARGUMENTO 0: E:\Amicar\App\DOC1\SALIDA\Generados\HTML
2015-03-15 00:33:14 [DEBUG] - ARGUMENTO 1: E:\Amicar\App\DOC1\SALIDA\Generados\HTML\FIX
2015-03-15 00:33:14 [DEBUG] - ARGUMENTO 2: E:\Amicar\App\DOC1\SALIDA\Generados\DIJ
2015-03-15 00:33:14 [DEBUG] - ARGUMENTO 3: E:\Projects\Html\TemplateMailsAmicar2
2015-03-15 00:33:14 [INFO] - INICIANDO PROCESO
2015-03-15 00:33:21 [INFO] - ARCHIVO JRN ENCONTRADO
2015-03-15 02:45:47 [INFO] - INICIANDO APLICACION
2015-03-15 02:45:47 [INFO] - ARGUMENTOS UTILIZADOS EN LA CONSULTA
2015-03-15 02:45:47 [DEBUG] - ARGUMENTO 0: E:\Amicar\App\DOC1\SALIDA\Generados\HTML
2015-03-15 02:45:47 [DEBUG] - ARGUMENTO 1: E:\Amicar\App\DOC1\SALIDA\Generados\HTML\FIX
2015-03-15 02:45:47 [DEBUG] - ARGUMENTO 2: E:\Amicar\App\DOC1\SALIDA\Generados\DIJ
2015-03-15 02:45:47 [DEBUG] - ARGUMENTO 3: E:\Projects\Html\TemplateMailsAmicar2
2015-03-15 02:45:47 [INFO] - INICIANDO PROCESO
2015-03-15 02:45:47 [INFO] - ARCHIVO JRN ENCONTRADO
2015-03-15 02:45:55 [INFO] - INICIANDO APLICACION
2015-03-15 02:45:55 [INFO] - ARGUMENTOS UTILIZADOS EN LA CONSULTA
2015-03-15 02:45:55 [DEBUG] - ARGUMENTO 0: E:\Amicar\App\DOC1\SALIDA\Generados\HTML
2015-03-15 02:45:55 [DEBUG] - ARGUMENTO 1: E:\Amicar\App\DOC1\SALIDA\Generados\HTML\FIX
2015-03-15 02:45:55 [DEBUG] - ARGUMENTO 2: E:\Amicar\App\DOC1\SALIDA\Generados\DIJ
2015-03-15 02:45:55 [DEBUG] - ARGUMENTO 3: E:\Projects\Html\TemplateMailsAmicar2
2015-03-15 02:45:55 [INFO] - INICIANDO PROCESO
2015-03-15 02:45:55 [INFO] - ARCHIVO JRN ENCONTRADO
2015-03-15 02:45:55 [INFO] - Leyendo archivo de configuracion: c:/apps/Amicar/config/cotizanteAmicar.properties
2015-03-15 02:45:55 [DEBUG] - javax.persistence.jdbc.url=jdbc:mysql://localhost:3306/amicarcotizante
2015-03-15 02:45:55 [DEBUG] - javax.persistence.jdbc.user=test
2015-03-15 02:45:55 [DEBUG] - javax.persistence.jdbc.password=test
2015-03-15 02:45:57 [INFO] - SE HA ENCONTRADO CLIENTE: cl.intelidata.amicarsvl.jpa.Clientesdiario[ idCliente=1 ]
2015-03-15 02:45:57 [DEBUG] - dominioDesinscrito=http://localhost:8080/AmicarSvl/Desinscritos
2015-03-15 02:45:57 [INFO] - PROCESANDO PLANTILLA PARA ARCHIVO: E:\Projects\Html\TemplateMailsAmicar2\cliente_1.html
2015-03-15 02:45:57 [ERROR] - NO SE HA ENCONTRADO CLIENTE CON LOS DATOS 22 - ANGEJAQUE31@GMAIL.COM 
2015-03-15 02:45:57 [ERROR] - NO SE HA ENCONTRADO CLIENTE CON LOS DATOS 33 - ANGEJAQUE31@GMAIL.COM 
2015-03-15 02:45:57 [ERROR] - NO SE HA ENCONTRADO CLIENTE CON LOS DATOS 44 - ANGEJAQUE31@GMAIL.COM 
2015-03-15 02:45:57 [ERROR] - NO SE HA ENCONTRADO CLIENTE CON LOS DATOS 55 - ANGEJAQUE31@GMAIL.COM 
2015-03-15 02:45:57 [ERROR] - NO SE HA ENCONTRADO CLIENTE CON LOS DATOS 66 - ANGEJAQUE31@GMAIL.COM 
2015-03-15 02:45:57 [ERROR] - NO SE HA ENCONTRADO CLIENTE CON LOS DATOS 77 - ANGEJAQUE31@GMAIL.COM 
2015-03-15 02:45:57 [ERROR] - NO SE HA ENCONTRADO CLIENTE CON LOS DATOS 88 - ANGEJAQUE31@GMAIL.COM 
2015-03-15 02:45:57 [ERROR] - NO SE HA ENCONTRADO CLIENTE CON LOS DATOS 99 - ANGEJAQUE31@GMAIL.COM 
2015-03-15 02:45:57 [INFO] - PROCESO FINALIZADO
2015-03-15 02:48:34 [INFO] - INICIANDO APLICACION
2015-03-15 02:48:34 [INFO] - ARGUMENTOS UTILIZADOS EN LA CONSULTA
2015-03-15 02:48:34 [DEBUG] - ARGUMENTO 0: E:\Amicar\App\DOC1\SALIDA\Generados\HTML
2015-03-15 02:48:34 [DEBUG] - ARGUMENTO 1: E:\Amicar\App\DOC1\SALIDA\Generados\HTML\FIX
2015-03-15 02:48:34 [DEBUG] - ARGUMENTO 2: E:\Amicar\App\DOC1\SALIDA\Generados\DIJ
2015-03-15 02:48:34 [DEBUG] - ARGUMENTO 3: E:\Projects\Html\TemplateMailsAmicar2
2015-03-15 02:48:34 [INFO] - INICIANDO PROCESO
2015-03-15 02:48:34 [INFO] - ARCHIVO JRN ENCONTRADO
2015-03-15 02:48:35 [INFO] - Leyendo archivo de configuracion: c:/apps/Amicar/config/cotizanteAmicar.properties
2015-03-15 02:48:56 [INFO] - INICIANDO APLICACION
2015-03-15 02:48:56 [INFO] - ARGUMENTOS UTILIZADOS EN LA CONSULTA
2015-03-15 02:48:56 [DEBUG] - ARGUMENTO 0: E:\Amicar\App\DOC1\SALIDA\Generados\HTML
2015-03-15 02:48:56 [DEBUG] - ARGUMENTO 1: E:\Amicar\App\DOC1\SALIDA\Generados\HTML\FIX
2015-03-15 02:48:56 [DEBUG] - ARGUMENTO 2: E:\Amicar\App\DOC1\SALIDA\Generados\DIJ
2015-03-15 02:48:56 [DEBUG] - ARGUMENTO 3: E:\Projects\Html\TemplateMailsAmicar2
2015-03-15 02:48:56 [INFO] - INICIANDO PROCESO
2015-03-15 02:48:56 [INFO] - ARCHIVO JRN ENCONTRADO
2015-03-15 02:48:56 [INFO] - Leyendo archivo de configuracion: c:/apps/Amicar/config/cotizanteAmicar.properties
2015-03-15 02:48:56 [DEBUG] - javax.persistence.jdbc.url=jdbc:mysql://localhost:3306/amicarcotizante
2015-03-15 02:48:56 [DEBUG] - javax.persistence.jdbc.user=test
2015-03-15 02:48:56 [DEBUG] - javax.persistence.jdbc.password=test
2015-03-15 02:48:59 [INFO] - SE HA ENCONTRADO CLIENTE: cl.intelidata.amicarsvl.jpa.Clientesdiario[ idCliente=1 ]
2015-03-15 02:48:59 [DEBUG] - dominioDesinscrito=http://localhost:8080/AmicarSvl/Desinscritos
2015-03-15 02:48:59 [INFO] - PROCESANDO PLANTILLA PARA ARCHIVO: E:\Projects\Html\TemplateMailsAmicar2\cliente_1.html
2015-03-15 02:48:59 [ERROR] - NO SE HA ENCONTRADO CLIENTE CON LOS DATOS 22 - ANGEJAQUE31@GMAIL.COM 
2015-03-15 02:48:59 [ERROR] - NO SE HA ENCONTRADO CLIENTE CON LOS DATOS 33 - ANGEJAQUE31@GMAIL.COM 
2015-03-15 02:48:59 [ERROR] - NO SE HA ENCONTRADO CLIENTE CON LOS DATOS 44 - ANGEJAQUE31@GMAIL.COM 
2015-03-15 02:48:59 [ERROR] - NO SE HA ENCONTRADO CLIENTE CON LOS DATOS 55 - ANGEJAQUE31@GMAIL.COM 
2015-03-15 02:48:59 [ERROR] - NO SE HA ENCONTRADO CLIENTE CON LOS DATOS 66 - ANGEJAQUE31@GMAIL.COM 
2015-03-15 02:48:59 [ERROR] - NO SE HA ENCONTRADO CLIENTE CON LOS DATOS 77 - ANGEJAQUE31@GMAIL.COM 
2015-03-15 02:48:59 [ERROR] - NO SE HA ENCONTRADO CLIENTE CON LOS DATOS 88 - ANGEJAQUE31@GMAIL.COM 
2015-03-15 02:48:59 [ERROR] - NO SE HA ENCONTRADO CLIENTE CON LOS DATOS 99 - ANGEJAQUE31@GMAIL.COM 
2015-03-15 02:48:59 [INFO] - PROCESO FINALIZADO
2015-03-15 02:51:30 [INFO] - INICIANDO APLICACION
2015-03-15 02:51:30 [INFO] - ARGUMENTOS UTILIZADOS EN LA CONSULTA
2015-03-15 02:51:30 [DEBUG] - ARGUMENTO 0: E:\Amicar\App\DOC1\SALIDA\Generados\HTML
2015-03-15 02:51:30 [DEBUG] - ARGUMENTO 1: E:\Amicar\App\DOC1\SALIDA\Generados\HTML\FIX
2015-03-15 02:51:30 [DEBUG] - ARGUMENTO 2: E:\Amicar\App\DOC1\SALIDA\Generados\DIJ
2015-03-15 02:51:30 [DEBUG] - ARGUMENTO 3: E:\Projects\Html\TemplateMailsAmicar2
2015-03-15 02:51:30 [INFO] - INICIANDO PROCESO
2015-03-15 02:51:30 [INFO] - ARCHIVO JRN ENCONTRADO
2015-03-15 02:51:57 [INFO] - Leyendo archivo de configuracion: c:/apps/Amicar/config/cotizanteAmicar.properties
2015-03-15 02:51:57 [DEBUG] - javax.persistence.jdbc.url=jdbc:mysql://localhost:3306/amicarcotizante
2015-03-15 02:51:57 [DEBUG] - javax.persistence.jdbc.user=test
2015-03-15 02:51:57 [DEBUG] - javax.persistence.jdbc.password=test
2015-03-15 02:52:33 [INFO] - SE HA ENCONTRADO CLIENTE: cl.intelidata.amicarsvl.jpa.Clientesdiario[ idCliente=1 ]
2015-03-15 02:54:41 [INFO] - INICIANDO APLICACION
2015-03-15 02:54:41 [INFO] - ARGUMENTOS UTILIZADOS EN LA CONSULTA
2015-03-15 02:54:41 [DEBUG] - ARGUMENTO 0: E:\Amicar\App\DOC1\SALIDA\Generados\HTML
2015-03-15 02:54:41 [DEBUG] - ARGUMENTO 1: E:\Amicar\App\DOC1\SALIDA\Generados\HTML\FIX
2015-03-15 02:54:41 [DEBUG] - ARGUMENTO 2: E:\Amicar\App\DOC1\SALIDA\Generados\DIJ
2015-03-15 02:54:41 [DEBUG] - ARGUMENTO 3: E:\Projects\Html\TemplateMailsAmicar2
2015-03-15 02:54:41 [INFO] - INICIANDO PROCESO
2015-03-15 02:54:41 [INFO] - ARCHIVO JRN ENCONTRADO
2015-03-15 02:54:49 [INFO] - Leyendo archivo de configuracion: c:/apps/Amicar/config/cotizanteAmicar.properties
2015-03-15 02:54:49 [DEBUG] - javax.persistence.jdbc.url=jdbc:mysql://localhost:3306/amicarcotizante
2015-03-15 02:54:49 [DEBUG] - javax.persistence.jdbc.user=test
2015-03-15 02:54:49 [DEBUG] - javax.persistence.jdbc.password=test
2015-03-15 02:54:51 [INFO] - SE HA ENCONTRADO CLIENTE: cl.intelidata.amicarsvl.jpa.Clientesdiario[ idCliente=1 ]
2015-03-15 02:55:59 [DEBUG] - dominioDesinscrito=http://localhost:8080/AmicarSvl/Desinscritos
2015-03-15 02:55:59 [INFO] - PROCESANDO PLANTILLA PARA ARCHIVO: E:\Projects\Html\TemplateMailsAmicar2\cliente_1.html
2015-03-15 02:55:59 [ERROR] - NO SE HA ENCONTRADO CLIENTE CON LOS DATOS 22 - ANGEJAQUE31@GMAIL.COM 
2015-03-15 02:55:59 [ERROR] - NO SE HA ENCONTRADO CLIENTE CON LOS DATOS 33 - ANGEJAQUE31@GMAIL.COM 
2015-03-15 02:55:59 [ERROR] - NO SE HA ENCONTRADO CLIENTE CON LOS DATOS 44 - ANGEJAQUE31@GMAIL.COM 
2015-03-15 02:55:59 [ERROR] - NO SE HA ENCONTRADO CLIENTE CON LOS DATOS 55 - ANGEJAQUE31@GMAIL.COM 
2015-03-15 02:55:59 [ERROR] - NO SE HA ENCONTRADO CLIENTE CON LOS DATOS 66 - ANGEJAQUE31@GMAIL.COM 
2015-03-15 02:55:59 [ERROR] - NO SE HA ENCONTRADO CLIENTE CON LOS DATOS 77 - ANGEJAQUE31@GMAIL.COM 
2015-03-15 02:55:59 [ERROR] - NO SE HA ENCONTRADO CLIENTE CON LOS DATOS 88 - ANGEJAQUE31@GMAIL.COM 
2015-03-15 02:55:59 [ERROR] - NO SE HA ENCONTRADO CLIENTE CON LOS DATOS 99 - ANGEJAQUE31@GMAIL.COM 
2015-03-15 02:55:59 [INFO] - PROCESO FINALIZADO
2015-03-15 03:15:58 [INFO] - INICIANDO APLICACION
2015-03-15 03:15:58 [INFO] - ARGUMENTOS UTILIZADOS EN LA CONSULTA
2015-03-15 03:15:58 [DEBUG] - ARGUMENTO 0: E:\Amicar\App\DOC1\SALIDA\Generados\HTML
2015-03-15 03:15:58 [DEBUG] - ARGUMENTO 1: E:\Amicar\App\DOC1\SALIDA\Generados\HTML\FIX
2015-03-15 03:15:58 [DEBUG] - ARGUMENTO 2: E:\Amicar\App\DOC1\SALIDA\Generados\DIJ
2015-03-15 03:15:58 [DEBUG] - ARGUMENTO 3: E:\Projects\Html\TemplateMailsAmicar2
2015-03-15 03:15:58 [INFO] - INICIANDO PROCESO
2015-03-15 03:15:58 [INFO] - ARCHIVO JRN ENCONTRADO
2015-03-15 03:15:59 [INFO] - Leyendo archivo de configuracion: c:/apps/Amicar/config/cotizanteAmicar.properties
2015-03-15 03:15:59 [DEBUG] - javax.persistence.jdbc.url=jdbc:mysql://localhost:3306/amicarcotizante
2015-03-15 03:15:59 [DEBUG] - javax.persistence.jdbc.user=test
2015-03-15 03:15:59 [DEBUG] - javax.persistence.jdbc.password=test
2015-03-15 03:16:03 [INFO] - SE HA ENCONTRADO CLIENTE: cl.intelidata.amicarsvl.jpa.Clientesdiario[ idCliente=1 ]
2015-03-15 03:16:03 [DEBUG] - dominioDesinscrito=http://localhost:8080/AmicarSvl/Desinscritos
2015-03-15 03:16:03 [INFO] - PROCESANDO PLANTILLA PARA ARCHIVO: E:\Projects\Html\TemplateMailsAmicar2\cliente_1.html
2015-03-15 03:16:03 [ERROR] - NO SE HA ENCONTRADO CLIENTE CON LOS DATOS 22 - ANGEJAQUE31@GMAIL.COM 
2015-03-15 03:16:03 [ERROR] - NO SE HA ENCONTRADO CLIENTE CON LOS DATOS 33 - ANGEJAQUE31@GMAIL.COM 
2015-03-15 03:16:03 [ERROR] - NO SE HA ENCONTRADO CLIENTE CON LOS DATOS 44 - ANGEJAQUE31@GMAIL.COM 
2015-03-15 03:16:03 [ERROR] - NO SE HA ENCONTRADO CLIENTE CON LOS DATOS 55 - ANGEJAQUE31@GMAIL.COM 
2015-03-15 03:16:03 [ERROR] - NO SE HA ENCONTRADO CLIENTE CON LOS DATOS 66 - ANGEJAQUE31@GMAIL.COM 
2015-03-15 03:16:03 [ERROR] - NO SE HA ENCONTRADO CLIENTE CON LOS DATOS 77 - ANGEJAQUE31@GMAIL.COM 
2015-03-15 03:16:03 [ERROR] - NO SE HA ENCONTRADO CLIENTE CON LOS DATOS 88 - ANGEJAQUE31@GMAIL.COM 
2015-03-15 03:16:03 [ERROR] - NO SE HA ENCONTRADO CLIENTE CON LOS DATOS 99 - ANGEJAQUE31@GMAIL.COM 
2015-03-15 03:16:03 [INFO] - PROCESO FINALIZADO
2015-03-15 04:02:26 [INFO] - INICIANDO APLICACION
2015-03-15 04:02:26 [INFO] - ARGUMENTOS UTILIZADOS EN LA CONSULTA
2015-03-15 04:02:26 [DEBUG] - ARGUMENTO 0: E:\Amicar\App\DOC1\SALIDA\Generados\HTML 
2015-03-15 04:02:26 [DEBUG] - ARGUMENTO 1: E:\Amicar\App\DOC1\SALIDA\Generados\HTML\FIX 
2015-03-15 04:02:26 [DEBUG] - ARGUMENTO 2: E:\Amicar\App\DOC1\SALIDA\Generados\DIJ 
2015-03-15 04:02:26 [DEBUG] - ARGUMENTO 3: E:\Projects\Html\TemplateMailsAmicar2 
2015-03-15 04:02:26 [INFO] - INICIANDO PROCESO
2015-03-15 04:02:26 [INFO] - ARCHIVO JRN ENCONTRADO E:\Amicar\App\DOC1\SALIDA\Generados\DIJ\Amicar.jrn
2015-03-15 04:02:26 [INFO] - Leyendo archivo de configuracion: c:/apps/Amicar/config/cotizanteAmicar.properties
2015-03-15 04:02:26 [DEBUG] - javax.persistence.jdbc.url=jdbc:mysql://localhost:3306/amicarcotizante
2015-03-15 04:02:26 [DEBUG] - javax.persistence.jdbc.user=test
2015-03-15 04:02:26 [DEBUG] - javax.persistence.jdbc.password=test
2015-03-15 04:02:28 [INFO] - SE HA ENCONTRADO CLIENTE: cl.intelidata.amicarsvl.jpa.Clientesdiario[ idCliente=1 ]
2015-03-15 04:02:28 [DEBUG] - dominioDesinscrito=http://localhost:8080/AmicarSvl/Desinscritos
2015-03-15 04:02:28 [INFO] - PROCESANDO PLANTILLA PARA ARCHIVO: E:\Projects\Html\TemplateMailsAmicar2\cliente_1.html
2015-03-15 04:02:28 [ERROR] - NO SE HA ENCONTRADO CLIENTE CON LOS DATOS 22 - ANGEJAQUE31@GMAIL.COM 
2015-03-15 04:02:28 [ERROR] - NO SE HA ENCONTRADO CLIENTE CON LOS DATOS 33 - ANGEJAQUE31@GMAIL.COM 
2015-03-15 04:02:28 [ERROR] - NO SE HA ENCONTRADO CLIENTE CON LOS DATOS 44 - ANGEJAQUE31@GMAIL.COM 
2015-03-15 04:02:28 [ERROR] - NO SE HA ENCONTRADO CLIENTE CON LOS DATOS 55 - ANGEJAQUE31@GMAIL.COM 
2015-03-15 04:02:28 [ERROR] - NO SE HA ENCONTRADO CLIENTE CON LOS DATOS 66 - ANGEJAQUE31@GMAIL.COM 
2015-03-15 04:02:28 [ERROR] - NO SE HA ENCONTRADO CLIENTE CON LOS DATOS 77 - ANGEJAQUE31@GMAIL.COM 
2015-03-15 04:02:28 [ERROR] - NO SE HA ENCONTRADO CLIENTE CON LOS DATOS 88 - ANGEJAQUE31@GMAIL.COM 
2015-03-15 04:02:28 [ERROR] - NO SE HA ENCONTRADO CLIENTE CON LOS DATOS 99 - ANGEJAQUE31@GMAIL.COM 
2015-03-15 04:02:28 [INFO] - PROCESO FINALIZADO
